[2022-07-07 22:10:12,100: INFO: stage_00_template]: 
********************
[2022-07-07 22:10:12,100: INFO: stage_00_template]: >>>>> stage STAGE_NAME started <<<<<
[2022-07-07 22:10:12,110: INFO: common]: yaml file: configs/config.yaml loaded successfully
[2022-07-07 22:10:12,112: INFO: common]: yaml file: params.yaml loaded successfully
[2022-07-07 22:10:12,112: INFO: stage_00_template]: >>>>> stage STAGE_NAME completed!<<<<<

[2022-07-07 22:53:02,569: INFO: stage_01_data_prep]: 
********************
[2022-07-07 22:53:02,570: INFO: stage_01_data_prep]: >>>>> stage data preperation started <<<<<
[2022-07-07 22:53:02,583: INFO: common]: yaml file: configs/config.yaml loaded successfully
[2022-07-07 22:53:02,586: INFO: common]: yaml file: params.yaml loaded successfully
[2022-07-07 22:53:02,587: INFO: common]: created directory at: artifacts\prepared
[2022-07-07 22:53:02,587: INFO: stage_01_data_prep]: >>>>> stage data preperation completed!<<<<<

[2022-07-07 23:45:56,436: INFO: stage_01_data_prep]: 
********************
[2022-07-07 23:45:56,436: INFO: stage_01_data_prep]: >>>>> stage data preperation started <<<<<
[2022-07-07 23:45:56,438: INFO: common]: yaml file: configs/config.yaml loaded successfully
[2022-07-07 23:45:56,438: INFO: common]: yaml file: params.yaml loaded successfully
[2022-07-07 23:45:56,438: INFO: common]: created directory at: artifacts\prepared
[2022-07-07 23:46:03,139: INFO: stage_01_data_prep]: >>>>> stage data preperation completed!<<<<<

[2022-07-08 00:07:23,098: INFO: stage_01_data_prep]: 
********************
[2022-07-08 00:07:23,098: INFO: stage_01_data_prep]: >>>>> stage data preperation started <<<<<
[2022-07-08 00:07:23,098: INFO: common]: yaml file: configs/config.yaml loaded successfully
[2022-07-08 00:07:23,098: INFO: common]: yaml file: params.yaml loaded successfully
[2022-07-08 00:07:23,098: INFO: common]: created directory at: artifacts\prepared
[2022-07-08 00:07:30,136: INFO: stage_01_data_prep]: >>>>> stage data preperation completed!<<<<<

[2022-07-08 15:10:48,195: INFO: stage_01_data_prep]: 
********************
[2022-07-08 15:10:48,197: INFO: stage_01_data_prep]: >>>>> stage data preperation started <<<<<
[2022-07-08 15:10:48,219: INFO: common]: yaml file: configs/config.yaml loaded successfully
[2022-07-08 15:10:48,235: INFO: common]: yaml file: params.yaml loaded successfully
[2022-07-08 15:10:48,235: INFO: common]: created directory at: artifacts\prepared
[2022-07-08 15:10:57,899: INFO: stage_01_data_prep]: >>>>> stage data preperation completed!<<<<<

[2022-07-08 15:38:11,777: INFO: stage_01_data_prep]: 
********************
[2022-07-08 15:38:11,777: INFO: stage_01_data_prep]: >>>>> stage data preperation started <<<<<
[2022-07-08 15:38:11,786: INFO: common]: yaml file: configs/config.yaml loaded successfully
[2022-07-08 15:38:11,790: INFO: common]: yaml file: params.yaml loaded successfully
[2022-07-08 15:38:11,790: INFO: common]: created directory at: artifacts\prepared
[2022-07-08 15:38:18,694: INFO: stage_01_data_prep]: >>>>> stage data preperation completed!<<<<<

